2024/11/6 22:59:51|Information|ClassIsland.App|ClassIsland 1.5.0.3-Griseo-af0cf67(HEAD) (Core 1.4.0.0)
2024/11/6 22:59:51|Information|ClassIsland.Services.SettingsService|加载配置文件。
2024/11/6 22:59:51|Information|ClassIsland.Services.SettingsService|写入配置文件：DiagnosticStartupCount
2024/11/6 22:59:51|Information|ClassIsland.App|初始化应用。
2024/11/6 22:59:51|Information|ClassIsland.Services.AppUpdating.UpdateNodeSpeedTestingService|Https prepare get install.appcenter.ms
2024/11/6 22:59:51|Information|ClassIsland.Services.ProfileService|加载档案中：./Profiles/Default.json
2024/11/6 22:59:51|Information|ClassIsland.Services.WeatherService|获取天气信息： https://weatherapi.market.xiaomi.com/wtr-v3/weather/all?latitude=110&longitude=112&locationKey=weathercn%3A101280601&days=15&appKey=weather20151024&sign=zUFJoAR2ZVrDy1vF3D07&isGlobal=false&locale=zh_cn
2024/11/6 22:59:51|Information|ClassIsland.Services.SettingsService|写入配置文件：LastTimeAdjustDateTime
2024/11/6 22:59:52|Information|ClassIsland.Services.WallpaperPickingService|正在提取壁纸主题色。
2024/11/6 22:59:52|Information|ClassIsland.Services.WallpaperPickingService|正在以兼容模式获取壁纸。
2024/11/6 22:59:52|Information|ClassIsland.Services.NotificationHostService|注册提醒提供方：08f0d9c3-c770-4093-a3d0-02f3d90c24bc（上课提醒）
2024/11/6 22:59:52|Information|ClassIsland.Services.NotificationHostService|获取提醒提供方设置：08f0d9c3-c770-4093-a3d0-02f3d90c24bc
2024/11/6 22:59:52|Information|ClassIsland.Services.NotificationHostService|注册提醒提供方：8fbc3a26-6d20-44dd-b895-b9411e3ddc51（放学提醒）
2024/11/6 22:59:52|Information|ClassIsland.Services.NotificationHostService|获取提醒提供方设置：8fbc3a26-6d20-44dd-b895-b9411e3ddc51
2024/11/6 22:59:52|Information|ClassIsland.Services.NotificationHostService|注册提醒提供方：7625de96-38aa-4b71-b478-3f156dd9458d（天气预警）
2024/11/6 22:59:52|Information|ClassIsland.Services.NotificationHostService|获取提醒提供方设置：7625de96-38aa-4b71-b478-3f156dd9458d
2024/11/6 22:59:52|Information|ClassIsland.Services.PluginMarketService|正在加载插件源
2024/11/6 22:59:52|Information|ClassIsland.Services.SettingsService|写入配置文件：OfficialIndexMirrors
2024/11/6 22:59:52|Information|ClassIsland.App|正在初始化MainWindow。
2024/11/6 22:59:52|Information|ClassIsland.Services.SpeechService.EdgeTtsService|初始化了EdgeTTS服务。
2024/11/6 22:59:52|Information|ClassIsland.Services.ThemeService|设置主题：MaterialDesignThemes.Wpf.Theme
2024/11/6 22:59:52|Information|ClassIsland.Services.SettingsService|写入配置文件：LastWeatherInfo
2024/11/6 22:59:53|Information|ClassIsland.Services.SettingsService|写入配置文件：ClassIsland.MainWindow 的 SaveSettings()
2024/11/6 22:59:53|Information|ClassIsland.Services.SettingsService|写入配置文件：LastAutoBackupTime
2024/11/6 22:59:53|Information|ClassIsland.Services.SettingsService|写入配置文件：ClassIsland.MainWindow 的 SaveSettings()
2024/11/6 22:59:53|Information|ClassIsland.Services.DiagnosticService|启动共花费 2149ms, [2, 4)
2024/11/6 22:59:57|Information|ClassIsland.Services.AppUpdating.UpdateNodeSpeedTestingService|Https prepare get appcenter-filemanagement-distrib1ede6f06e.azureedge.net
2024/11/6 23:00:02|Information|ClassIsland.Services.AppUpdating.UpdateNodeSpeedTestingService|Https prepare get api.github.com
2024/11/6 23:00:02|Information|ClassIsland.Services.AppUpdating.UpdateNodeSpeedTestingService|Ping api.github.com, 55ms
2024/11/6 23:00:02|Information|ClassIsland.Services.AppUpdating.UpdateNodeSpeedTestingService|Https prepare get objects.githubusercontent.com
2024/11/6 23:00:03|Information|ClassIsland.Services.AppUpdating.UpdateNodeSpeedTestingService|Ping objects.githubusercontent.com, 128ms
2024/11/6 23:00:03|Information|ClassIsland.Services.AppUpdating.UpdateNodeSpeedTestingService|Https prepare get api.github.com
2024/11/6 23:00:03|Information|ClassIsland.Services.AppUpdating.UpdateNodeSpeedTestingService|Ping api.github.com, 54ms
2024/11/6 23:00:03|Information|ClassIsland.Services.AppUpdating.UpdateNodeSpeedTestingService|Https prepare get mirror.ghproxy.com
2024/11/6 23:00:07|Information|ClassIsland.Services.AppUpdating.UpdateNodeSpeedTestingService|Ping mirror.ghproxy.com, 182ms
2024/11/6 23:00:07|Information|ClassIsland.Services.AppUpdating.UpdateNodeSpeedTestingService|Ping completed.
2024/11/6 23:00:07|Information|ClassIsland.Services.SettingsService|写入配置文件：LastSpeedTest
2024/11/6 23:00:07|Information|ClassIsland.Services.ThemeService|设置主题：MaterialDesignThemes.Wpf.Theme
2024/11/6 23:00:07|Information|ClassIsland.Services.SettingsService|写入配置文件：ClassIsland.MainWindow 的 SaveSettings()
2024/11/6 23:00:07|Information|ClassIsland.Services.SettingsService|写入配置文件：UpdateArtifactHash
2024/11/6 23:00:07|Information|ClassIsland.Services.SettingsService|写入配置文件：ClassIsland.MainWindow 的 SaveSettings()
2024/11/6 23:00:07|Information|ClassIsland.Services.AppUpdating.UpdateService|正在检查应用更新。GitHub
2024/11/6 23:00:09|Information|ClassIsland.Services.SettingsService|写入配置文件：UpdateArtifactHash
2024/11/6 23:00:09|Information|ClassIsland.Services.SettingsService|写入配置文件：ClassIsland.MainWindow 的 SaveSettings()
2024/11/6 23:00:09|Information|ClassIsland.Services.SettingsService|写入配置文件：LastCheckUpdateInfoCacheGitHub
2024/11/6 23:00:09|Information|ClassIsland.Services.SettingsService|写入配置文件：ClassIsland.MainWindow 的 SaveSettings()
2024/11/6 23:00:10|Information|ClassIsland.Services.SettingsService|写入配置文件：LastCheckUpdateTime
2024/11/6 23:00:10|Information|ClassIsland.Services.SettingsService|写入配置文件：ClassIsland.MainWindow 的 SaveSettings()
2024/11/6 23:00:52|Information|ClassIsland.Services.MemoryWatchDogService|当前内存使用: 233385984
2024/11/6 23:01:38|Information|ClassIsland.Services.PluginMarketService|正在刷新插件源……
2024/11/6 23:01:52|Information|ClassIsland.Services.MemoryWatchDogService|当前内存使用: 252518400
2024/11/6 23:02:05|Error|ClassIsland.Services.PluginMarketService|无法加载插件源。
System.Exception: 无法加载插件源：由于连接方在一段时间后没有正确答复或连接的主机没有反应，连接尝试失败。 (github.com:443)
 ---> System.Net.WebException: 由于连接方在一段时间后没有正确答复或连接的主机没有反应，连接尝试失败。 (github.com:443)
 ---> System.Net.Http.HttpRequestException: 由于连接方在一段时间后没有正确答复或连接的主机没有反应，连接尝试失败。 (github.com:443)
 ---> System.Net.Sockets.SocketException (10060): 由于连接方在一段时间后没有正确答复或连接的主机没有反应，连接尝试失败。
   at System.Net.Sockets.Socket.AwaitableSocketAsyncEventArgs.ThrowException(SocketError error, CancellationToken cancellationToken)
   at System.Net.Sockets.Socket.AwaitableSocketAsyncEventArgs.System.Threading.Tasks.Sources.IValueTaskSource.GetResult(Int16 token)
   at System.Net.Sockets.Socket.<ConnectAsync>g__WaitForConnectWithCancellation|285_0(AwaitableSocketAsyncEventArgs saea, ValueTask connectTask, CancellationToken cancellationToken)
   at System.Net.HttpWebRequest.<>c__DisplayClass219_0.<<CreateHttpClient>b__1>d.MoveNext()
--- End of stack trace from previous location ---
   at System.Net.Http.HttpConnectionPool.ConnectToTcpHostAsync(String host, Int32 port, HttpRequestMessage initialRequest, Boolean async, CancellationToken cancellationToken)
   --- End of inner exception stack trace ---
   at System.Net.Http.HttpConnectionPool.ConnectToTcpHostAsync(String host, Int32 port, HttpRequestMessage initialRequest, Boolean async, CancellationToken cancellationToken)
   at System.Net.Http.HttpConnectionPool.ConnectAsync(HttpRequestMessage request, Boolean async, CancellationToken cancellationToken)
   at System.Net.Http.HttpConnectionPool.CreateHttp11ConnectionAsync(HttpRequestMessage request, Boolean async, CancellationToken cancellationToken)
   at System.Net.Http.HttpConnectionPool.AddHttp11ConnectionAsync(QueueItem queueItem)
   at System.Threading.Tasks.TaskCompletionSourceWithCancellation`1.WaitWithCancellationAsync(CancellationToken cancellationToken)
   at System.Net.Http.HttpConnectionPool.HttpConnectionWaiter`1.WaitForConnectionWithTelemetryAsync(HttpRequestMessage request, HttpConnectionPool pool, Boolean async, CancellationToken requestCancellationToken)
   at System.Net.Http.HttpConnectionPool.SendWithVersionDetectionAndRetryAsync(HttpRequestMessage request, Boolean async, Boolean doRequestAuth, CancellationToken cancellationToken)
   at System.Net.Http.Metrics.MetricsHandler.SendAsyncWithMetrics(HttpRequestMessage request, Boolean async, CancellationToken cancellationToken)
   at System.Net.Http.RedirectHandler.SendAsync(HttpRequestMessage request, Boolean async, CancellationToken cancellationToken)
   at System.Net.Http.HttpClient.<SendAsync>g__Core|83_0(HttpRequestMessage request, HttpCompletionOption completionOption, CancellationTokenSource cts, Boolean disposeCts, CancellationTokenSource pendingRequestsCts, CancellationToken originalCancellationToken)
   at System.Net.HttpWebRequest.SendRequest(Boolean async)
   at System.Net.HttpWebRequest.EndGetResponse(IAsyncResult asyncResult)
   --- End of inner exception stack trace ---
   at System.Net.HttpWebRequest.EndGetResponse(IAsyncResult asyncResult)
   at System.Threading.Tasks.TaskFactory`1.FromAsyncCoreLogic(IAsyncResult iar, Func`2 endFunction, Action`1 endAction, Task`1 promise, Boolean requiresSynchronization)
--- End of stack trace from previous location ---
   at System.Net.WebRequest.GetResponseAsync()
   at Downloader.Request.FetchResponseHeaders(Boolean addRange) in D:\Programming\Personal\Downloader\src\Downloader\Request.cs:line 101
   at Downloader.Request.IsSupportDownloadInRange() in D:\Programming\Personal\Downloader\src\Downloader\Request.cs:line 181
   at Downloader.Request.GetFileSize() in D:\Programming\Personal\Downloader\src\Downloader\Request.cs:line 162
   at Downloader.DownloadService.StartDownload() in D:\Programming\Personal\Downloader\src\Downloader\DownloadService.cs:line 186
   --- End of inner exception stack trace ---
   at ClassIsland.Services.PluginMarketService.<>c__DisplayClass38_1.<RefreshPluginSourceAsync>b__1(Object sender, AsyncCompletedEventArgs args) in D:\a\ClassIsland\ClassIsland\ClassIsland\Services\PluginMarketService.cs:line 118
   at Downloader.DownloadService.OnDownloadFileCompleted(AsyncCompletedEventArgs e) in D:\Programming\Personal\Downloader\src\Downloader\DownloadService.cs:line 387
   at Downloader.DownloadService.StartDownload() in D:\Programming\Personal\Downloader\src\Downloader\DownloadService.cs:line 214
   at Downloader.DownloadService.StartDownload() in D:\Programming\Personal\Downloader\src\Downloader\DownloadService.cs:line 219
   at Downloader.DownloadService.StartDownload(String fileName) in D:\Programming\Personal\Downloader\src\Downloader\DownloadService.cs:line 178
   at Downloader.DownloadService.DownloadFileTaskAsync(String address, String fileName, CancellationToken cancellationToken) in D:\Programming\Personal\Downloader\src\Downloader\DownloadService.cs:line 95
   at Downloader.Download.StartAsync(CancellationToken cancellationToken) in D:\Programming\Personal\Downloader\src\Downloader\Download.cs:line 82
   at ClassIsland.Services.PluginMarketService.RefreshPluginSourceAsync() in D:\a\ClassIsland\ClassIsland\ClassIsland\Services\PluginMarketService.cs:line 129
2024/11/6 23:02:05|Information|ClassIsland.Services.PluginMarketService|插件源刷新成功。
2024/11/6 23:02:05|Information|ClassIsland.Services.SettingsService|写入配置文件：LastRefreshPluginSourceTime
2024/11/6 23:02:05|Information|ClassIsland.Services.SettingsService|写入配置文件：ClassIsland.MainWindow 的 SaveSettings()
2024/11/6 23:02:08|Information|ClassIsland.Services.PluginMarketService|正在刷新插件源……
2024/11/6 23:02:29|Error|ClassIsland.Services.PluginMarketService|无法加载插件源。
System.Exception: 无法加载插件源：由于连接方在一段时间后没有正确答复或连接的主机没有反应，连接尝试失败。 (github.com:443)
 ---> System.Net.WebException: 由于连接方在一段时间后没有正确答复或连接的主机没有反应，连接尝试失败。 (github.com:443)
 ---> System.Net.Http.HttpRequestException: 由于连接方在一段时间后没有正确答复或连接的主机没有反应，连接尝试失败。 (github.com:443)
 ---> System.Net.Sockets.SocketException (10060): 由于连接方在一段时间后没有正确答复或连接的主机没有反应，连接尝试失败。
   at System.Net.Sockets.Socket.AwaitableSocketAsyncEventArgs.ThrowException(SocketError error, CancellationToken cancellationToken)
   at System.Net.Sockets.Socket.AwaitableSocketAsyncEventArgs.System.Threading.Tasks.Sources.IValueTaskSource.GetResult(Int16 token)
   at System.Net.Sockets.Socket.<ConnectAsync>g__WaitForConnectWithCancellation|285_0(AwaitableSocketAsyncEventArgs saea, ValueTask connectTask, CancellationToken cancellationToken)
   at System.Net.HttpWebRequest.<>c__DisplayClass219_0.<<CreateHttpClient>b__1>d.MoveNext()
--- End of stack trace from previous location ---
   at System.Net.Http.HttpConnectionPool.ConnectToTcpHostAsync(String host, Int32 port, HttpRequestMessage initialRequest, Boolean async, CancellationToken cancellationToken)
   --- End of inner exception stack trace ---
   at System.Net.Http.HttpConnectionPool.ConnectToTcpHostAsync(String host, Int32 port, HttpRequestMessage initialRequest, Boolean async, CancellationToken cancellationToken)
   at System.Net.Http.HttpConnectionPool.ConnectAsync(HttpRequestMessage request, Boolean async, CancellationToken cancellationToken)
   at System.Net.Http.HttpConnectionPool.CreateHttp11ConnectionAsync(HttpRequestMessage request, Boolean async, CancellationToken cancellationToken)
   at System.Net.Http.HttpConnectionPool.AddHttp11ConnectionAsync(QueueItem queueItem)
   at System.Threading.Tasks.TaskCompletionSourceWithCancellation`1.WaitWithCancellationAsync(CancellationToken cancellationToken)
   at System.Net.Http.HttpConnectionPool.HttpConnectionWaiter`1.WaitForConnectionWithTelemetryAsync(HttpRequestMessage request, HttpConnectionPool pool, Boolean async, CancellationToken requestCancellationToken)
   at System.Net.Http.HttpConnectionPool.SendWithVersionDetectionAndRetryAsync(HttpRequestMessage request, Boolean async, Boolean doRequestAuth, CancellationToken cancellationToken)
   at System.Net.Http.Metrics.MetricsHandler.SendAsyncWithMetrics(HttpRequestMessage request, Boolean async, CancellationToken cancellationToken)
   at System.Net.Http.RedirectHandler.SendAsync(HttpRequestMessage request, Boolean async, CancellationToken cancellationToken)
   at System.Net.Http.HttpClient.<SendAsync>g__Core|83_0(HttpRequestMessage request, HttpCompletionOption completionOption, CancellationTokenSource cts, Boolean disposeCts, CancellationTokenSource pendingRequestsCts, CancellationToken originalCancellationToken)
   at System.Net.HttpWebRequest.SendRequest(Boolean async)
   at System.Net.HttpWebRequest.EndGetResponse(IAsyncResult asyncResult)
   --- End of inner exception stack trace ---
   at System.Net.HttpWebRequest.EndGetResponse(IAsyncResult asyncResult)
   at System.Threading.Tasks.TaskFactory`1.FromAsyncCoreLogic(IAsyncResult iar, Func`2 endFunction, Action`1 endAction, Task`1 promise, Boolean requiresSynchronization)
--- End of stack trace from previous location ---
   at System.Net.WebRequest.GetResponseAsync()
   at Downloader.Request.FetchResponseHeaders(Boolean addRange) in D:\Programming\Personal\Downloader\src\Downloader\Request.cs:line 101
   at Downloader.Request.IsSupportDownloadInRange() in D:\Programming\Personal\Downloader\src\Downloader\Request.cs:line 181
   at Downloader.Request.GetFileSize() in D:\Programming\Personal\Downloader\src\Downloader\Request.cs:line 162
   at Downloader.DownloadService.StartDownload() in D:\Programming\Personal\Downloader\src\Downloader\DownloadService.cs:line 186
   --- End of inner exception stack trace ---
   at ClassIsland.Services.PluginMarketService.<>c__DisplayClass38_1.<RefreshPluginSourceAsync>b__1(Object sender, AsyncCompletedEventArgs args) in D:\a\ClassIsland\ClassIsland\ClassIsland\Services\PluginMarketService.cs:line 118
   at Downloader.DownloadService.OnDownloadFileCompleted(AsyncCompletedEventArgs e) in D:\Programming\Personal\Downloader\src\Downloader\DownloadService.cs:line 387
   at Downloader.DownloadService.StartDownload() in D:\Programming\Personal\Downloader\src\Downloader\DownloadService.cs:line 214
   at Downloader.DownloadService.StartDownload() in D:\Programming\Personal\Downloader\src\Downloader\DownloadService.cs:line 219
   at Downloader.DownloadService.StartDownload(String fileName) in D:\Programming\Personal\Downloader\src\Downloader\DownloadService.cs:line 178
   at Downloader.DownloadService.DownloadFileTaskAsync(String address, String fileName, CancellationToken cancellationToken) in D:\Programming\Personal\Downloader\src\Downloader\DownloadService.cs:line 95
   at Downloader.Download.StartAsync(CancellationToken cancellationToken) in D:\Programming\Personal\Downloader\src\Downloader\Download.cs:line 82
   at ClassIsland.Services.PluginMarketService.RefreshPluginSourceAsync() in D:\a\ClassIsland\ClassIsland\ClassIsland\Services\PluginMarketService.cs:line 129
2024/11/6 23:02:29|Information|ClassIsland.Services.PluginMarketService|插件源刷新成功。
2024/11/6 23:02:29|Information|ClassIsland.Services.SettingsService|写入配置文件：LastRefreshPluginSourceTime
2024/11/6 23:02:29|Information|ClassIsland.Services.SettingsService|写入配置文件：ClassIsland.MainWindow 的 SaveSettings()
2024/11/6 23:02:36|Information|ClassIsland.Services.WallpaperPickingService|正在提取壁纸主题色。
2024/11/6 23:02:36|Information|ClassIsland.Services.WallpaperPickingService|正在以兼容模式获取壁纸。
2024/11/6 23:02:52|Information|ClassIsland.Services.MemoryWatchDogService|当前内存使用: 282587136
2024/11/6 23:03:06|Information|ClassIsland.Services.SettingsService|写入配置文件：ClassIsland.Views.SettingsWindowNew关闭
2024/11/6 23:03:08|Information|Microsoft.Hosting.Lifetime|Application is shutting down...
2024/11/6 23:03:08|Information|ClassIsland.Services.SettingsService|写入配置文件：停止当前应用程序。
2024/11/6 23:03:08|Information|ClassIsland.Services.ProfileService|写入档案文件：./Profiles/Default.json
2024/11/6 23:03:08|Information|ClassIsland.App|App stopping.
2024/11/6 23:03:08|Information|ClassIsland.Services.SettingsService|写入配置文件：停止当前应用程序。
2024/11/6 23:03:08|Information|ClassIsland.Services.ProfileService|写入档案文件：./Profiles/Default.json
2024/11/6 23:03:08|Information|ClassIsland.Services.SettingsService|写入配置文件：ClassIsland.Views.SettingsWindowNew关闭
